<?xml version="1.0" encoding="UTF-8"?>
<!-- Generated by org.testng.reporters.JUnitReportReporter -->
<testsuite hostname="Andrus" failures="0" tests="3" name="com.assessment.interview_assessment.GoRestApiTests" time="8.021" errors="0" timestamp="2025-08-12T15:50:00 IST" skipped="0">
  <testcase classname="com.assessment.interview_assessment.GoRestApiTests" name="createUser" time="5.170"/>
  <testcase classname="com.assessment.interview_assessment.GoRestApiTests" name="getUserDetails" time="1.469"/>
  <testcase classname="com.assessment.interview_assessment.GoRestApiTests" name="updateUserDetails" time="1.382"/>
</testsuite> <!-- com.assessment.interview_assessment.GoRestApiTests -->
