<?xml version="1.0" encoding="UTF-8"?>
<!-- Generated by org.testng.reporters.JUnitReportReporter -->
<testsuite hostname="Andrus" failures="0" tests="1" name="com.assessment.interview_assessment.AddTocart_In_ProductdetailsPage" time="16.223" errors="0" timestamp="2025-08-12T15:48:22 IST" skipped="0">
  <testcase classname="com.assessment.interview_assessment.AddTocart_In_ProductdetailsPage" name="AddToCart_IN_ProductDetailsPage" time="16.223"/>
</testsuite> <!-- com.assessment.interview_assessment.AddTocart_In_ProductdetailsPage -->
