<?xml version="1.0" encoding="UTF-8"?>
<!-- Generated by org.testng.reporters.JUnitReportReporter -->
<testsuite hostname="Andrus" failures="0" tests="1" name="com.assessment.interview_assessment.PurchaseTheProduct" time="9.418" errors="0" timestamp="2025-08-12T14:54:39 IST" skipped="0">
  <testcase classname="com.assessment.interview_assessment.PurchaseTheProduct" name="PurchaseAProduct" time="9.418"/>
</testsuite> <!-- com.assessment.interview_assessment.PurchaseTheProduct -->
