<?xml version="1.0" encoding="UTF-8"?>
<!-- Generated by org.testng.reporters.JUnitReportReporter -->
<testsuite hostname="Andrus" failures="0" tests="1" name="com.assessment.interview_assessment.ProductFilters" time="5.018" errors="0" timestamp="2025-08-12T14:53:38 IST" skipped="0">
  <testcase classname="com.assessment.interview_assessment.ProductFilters" name="ProductFilterFunction" time="5.018"/>
</testsuite> <!-- com.assessment.interview_assessment.ProductFilters -->
