<?xml version="1.0" encoding="UTF-8"?>
<!-- Generated by org.testng.reporters.JUnitReportReporter -->
<testsuite hostname="Andrus" failures="0" tests="1" name="com.assessment.interview_assessment.SortProduct" time="8.576" errors="0" timestamp="2025-08-12T15:04:55 IST" skipped="0">
  <testcase classname="com.assessment.interview_assessment.SortProduct" name="ProductFilterFunction" time="8.576"/>
</testsuite> <!-- com.assessment.interview_assessment.SortProduct -->
