<?xml version="1.0" encoding="UTF-8"?>
<!-- Generated by org.testng.reporters.JUnitReportReporter -->
<testsuite hostname="Andrus" failures="0" tests="1" name="com.assessment.interview_assessment.ProductDetailsPage" time="6.208" errors="0" timestamp="2025-08-12T14:53:13 IST" skipped="0">
  <testcase classname="com.assessment.interview_assessment.ProductDetailsPage" name="ProductDetailsPage" time="6.208"/>
</testsuite> <!-- com.assessment.interview_assessment.ProductDetailsPage -->
