<?xml version="1.0" encoding="UTF-8"?>
<!-- Generated by org.testng.reporters.JUnitReportReporter -->
<testsuite hostname="Andrus" failures="0" tests="1" name="com.assessment.interview_assessment.ProductDetailsPage_AddTocart" time="6.852" errors="0" timestamp="2025-08-12T12:23:20 IST" skipped="0">
  <testcase classname="com.assessment.interview_assessment.ProductDetailsPage_AddTocart" name="ProductDetailsPage" time="6.852"/>
</testsuite> <!-- com.assessment.interview_assessment.ProductDetailsPage_AddTocart -->
