<?xml version="1.0" encoding="UTF-8"?>
<!-- Generated by org.testng.reporters.JUnitReportReporter -->
<testsuite hostname="Andrus" failures="0" tests="4" name="com.assessment.interview_assessment.LoginTest" time="23.811" errors="0" timestamp="2025-08-12T14:52:54 IST" skipped="0">
  <testcase classname="com.assessment.interview_assessment.LoginTest" name="validLoginPerformanceTest" time="8.541"/>
  <testcase classname="com.assessment.interview_assessment.LoginTest" name="testValidLogin" time="7.503"/>
  <testcase classname="com.assessment.interview_assessment.LoginTest" name="locked_out_user" time="3.377"/>
  <testcase classname="com.assessment.interview_assessment.LoginTest" name="testInvalidLogin" time="4.390"/>
</testsuite> <!-- com.assessment.interview_assessment.LoginTest -->
